2023-02-02 15:25:30,324 | MainThread   | [DEBUG   ] | <module>            |: debug
2023-02-02 15:25:30,324 | MainThread   | [INFO    ] | <module>            |: info
2023-02-02 15:25:30,326 | MainThread   | [WARNING ] | <module>            |: warning
2023-02-02 15:25:30,327 | MainThread   | [ERROR   ] | <module>            |: error
2023-02-02 15:25:30,327 | MainThread   | [CRITICAL] | <module>            |: critical
2023-02-02 15:27:23,677 | MainThread   | [DEBUG   ] | __init__            |: Python Info: sys.version_info(major=3, minor=11, micro=1, releaselevel='final', serial=0)
2023-02-02 15:27:23,677 | MainThread   | [DEBUG   ] | __init__            |: Python Info: sys.version_info(major=3, minor=11, micro=1, releaselevel='final', serial=0)
2023-02-02 15:27:23,678 | MainThread   | [DEBUG   ] | __init__            |: System Info: Windows-10-10.0.19045-SP0
2023-02-02 15:27:23,678 | MainThread   | [DEBUG   ] | __init__            |: System Info: Windows-10-10.0.19045-SP0
2023-02-02 15:27:23,678 | MainThread   | [INFO    ] | _connect            |: Looking for Artemis Nano Peripheral Device: c0:83:48:6a:84:3c
2023-02-02 15:27:23,678 | MainThread   | [INFO    ] | _connect            |: Looking for Artemis Nano Peripheral Device: c0:83:48:6a:84:3c
2023-02-02 15:30:39,121 | MainThread   | [INFO    ] | _connect            |: Looking for Artemis Nano Peripheral Device: c0:83:48:6a:84:3c
2023-02-02 15:30:39,121 | MainThread   | [INFO    ] | _connect            |: Looking for Artemis Nano Peripheral Device: c0:83:48:6a:84:3c
2023-02-02 15:32:29,634 | MainThread   | [INFO    ] | _connect            |: Looking for Artemis Nano Peripheral Device: c0:83:48:6a:84:3c
2023-02-02 15:32:29,634 | MainThread   | [INFO    ] | _connect            |: Looking for Artemis Nano Peripheral Device: c0:83:48:6a:84:3c
2023-02-02 15:36:44,448 | MainThread   | [INFO    ] | exit_handler        |: Exiting...
2023-02-02 15:36:44,448 | MainThread   | [INFO    ] | exit_handler        |: Exiting...
2023-02-02 15:36:44,450 | MainThread   | [WARNING ] | exit_handler        |: Could not disconnect before exiting
2023-02-02 15:36:44,450 | MainThread   | [WARNING ] | exit_handler        |: Could not disconnect before exiting
2023-02-02 15:36:44,452 | MainThread   | [WARNING ] | exit_handler        |: Not connected to a BLE device
2023-02-02 15:36:44,452 | MainThread   | [WARNING ] | exit_handler        |: Not connected to a BLE device
2023-02-02 15:36:54,502 | MainThread   | [DEBUG   ] | <module>            |: debug
2023-02-02 15:36:54,503 | MainThread   | [INFO    ] | <module>            |: info
2023-02-02 15:36:54,505 | MainThread   | [WARNING ] | <module>            |: warning
2023-02-02 15:36:54,506 | MainThread   | [ERROR   ] | <module>            |: error
2023-02-02 15:36:54,507 | MainThread   | [CRITICAL] | <module>            |: critical
2023-02-02 15:36:58,005 | MainThread   | [DEBUG   ] | __init__            |: Python Info: sys.version_info(major=3, minor=11, micro=1, releaselevel='final', serial=0)
2023-02-02 15:36:58,006 | MainThread   | [DEBUG   ] | __init__            |: System Info: Windows-10-10.0.19045-SP0
2023-02-02 15:36:58,006 | MainThread   | [INFO    ] | _connect            |: Looking for Artemis Nano Peripheral Device: c0:83:48:6a:84:3c
2023-02-02 15:37:07,105 | MainThread   | [INFO    ] | _connect            |: Connected to c0:83:48:6a:84:3c
2023-02-02 15:37:43,110 | MainThread   | [INFO    ] | disconnect_handler  |: Disconnected from 70:DA:93:F3:F8:BE
2023-02-02 15:39:04,753 | MainThread   | [INFO    ] | _connect            |: Looking for Artemis Nano Peripheral Device: c0:83:48:6a:84:3c
2023-02-02 15:39:06,766 | MainThread   | [ERROR   ] | _connect            |: Device with address D9:0F:02:E5:8C:CA was not found.
2023-02-02 15:39:07,779 | MainThread   | [WARNING ] | connect             |: Attempting to connect again...
2023-02-02 15:39:07,779 | MainThread   | [INFO    ] | _connect            |: Looking for Artemis Nano Peripheral Device: c0:83:48:6a:84:3c
2023-02-02 15:39:16,612 | MainThread   | [INFO    ] | _connect            |: Connected to c0:83:48:6a:84:3c
2023-02-02 15:40:41,350 | MainThread   | [INFO    ] | disconnect_handler  |: Disconnected from 47:D8:B9:34:4E:A9
2023-02-02 15:41:08,873 | MainThread   | [INFO    ] | _connect            |: Looking for Artemis Nano Peripheral Device: c0:83:48:6a:84:3c
2023-02-02 15:41:10,907 | MainThread   | [ERROR   ] | _connect            |: Device with address 10:D6:94:2D:7F:ED was not found.
2023-02-02 15:41:11,909 | MainThread   | [WARNING ] | connect             |: Attempting to connect again...
2023-02-02 15:41:11,910 | MainThread   | [INFO    ] | _connect            |: Looking for Artemis Nano Peripheral Device: c0:83:48:6a:84:3c
2023-02-02 15:41:13,899 | MainThread   | [ERROR   ] | _connect            |: Device with address 35:12:C3:92:5C:65 was not found.
2023-02-02 15:41:14,901 | MainThread   | [WARNING ] | connect             |: Attempting to connect again...
2023-02-02 15:41:14,902 | MainThread   | [INFO    ] | _connect            |: Looking for Artemis Nano Peripheral Device: c0:83:48:6a:84:3c
2023-02-02 15:41:20,866 | MainThread   | [INFO    ] | _connect            |: Connected to c0:83:48:6a:84:3c
2023-02-02 15:48:59,579 | MainThread   | [INFO    ] | disconnect_handler  |: Disconnected from 52:D6:1A:91:EB:C7
2023-02-02 15:49:23,898 | MainThread   | [INFO    ] | exit_handler        |: Exiting...
2023-02-02 15:49:23,899 | MainThread   | [WARNING ] | exit_handler        |: Could not disconnect before exiting
2023-02-02 15:49:23,901 | MainThread   | [WARNING ] | exit_handler        |: Not connected to a BLE device
2023-02-02 15:49:49,761 | MainThread   | [DEBUG   ] | __init__            |: Python Info: sys.version_info(major=3, minor=11, micro=1, releaselevel='final', serial=0)
2023-02-02 15:49:49,761 | MainThread   | [DEBUG   ] | __init__            |: System Info: Windows-10-10.0.19045-SP0
2023-02-02 15:49:49,762 | MainThread   | [INFO    ] | _connect            |: Looking for Artemis Nano Peripheral Device: c0:83:48:6a:84:3c
2023-02-02 15:49:57,116 | MainThread   | [INFO    ] | _connect            |: Connected to c0:83:48:6a:84:3c
2023-02-02 15:50:47,443 | MainThread   | [INFO    ] | exit_handler        |: Exiting...
2023-02-02 15:50:47,540 | MainThread   | [WARNING ] | exit_handler        |: Could not disconnect before exiting
2023-02-02 15:50:47,541 | MainThread   | [WARNING ] | exit_handler        |: Event loop stopped before Future completed.
2023-02-02 15:51:02,002 | MainThread   | [DEBUG   ] | __init__            |: Python Info: sys.version_info(major=3, minor=11, micro=1, releaselevel='final', serial=0)
2023-02-02 15:51:02,003 | MainThread   | [DEBUG   ] | __init__            |: System Info: Windows-10-10.0.19045-SP0
2023-02-02 15:51:02,004 | MainThread   | [INFO    ] | _connect            |: Looking for Artemis Nano Peripheral Device: c0:83:48:6a:84:3c
2023-02-02 15:51:06,896 | MainThread   | [INFO    ] | _connect            |: Connected to c0:83:48:6a:84:3c
2023-02-02 15:58:34,862 | MainThread   | [INFO    ] | disconnect_handler  |: Disconnected from C0:83:48:6A:84:3C
2023-02-02 15:59:38,330 | MainThread   | [DEBUG   ] | __init__            |: Python Info: sys.version_info(major=3, minor=11, micro=1, releaselevel='final', serial=0)
2023-02-02 15:59:38,330 | MainThread   | [DEBUG   ] | __init__            |: System Info: Windows-10-10.0.19045-SP0
2023-02-02 15:59:38,330 | MainThread   | [INFO    ] | _connect            |: Looking for Artemis Nano Peripheral Device: c0:83:48:6a:84:3c
2023-02-02 15:59:45,151 | MainThread   | [INFO    ] | _connect            |: Connected to c0:83:48:6a:84:3c
2023-02-02 16:01:03,828 | MainThread   | [DEBUG   ] | <module>            |: debug
2023-02-02 16:01:03,829 | MainThread   | [INFO    ] | <module>            |: info
2023-02-02 16:01:03,829 | MainThread   | [WARNING ] | <module>            |: warning
2023-02-02 16:01:03,830 | MainThread   | [ERROR   ] | <module>            |: error
2023-02-02 16:01:03,831 | MainThread   | [CRITICAL] | <module>            |: critical
2023-02-02 16:01:07,671 | MainThread   | [INFO    ] | exit_handler        |: Exiting...
2023-02-02 16:01:07,672 | MainThread   | [WARNING ] | exit_handler        |: Could not disconnect before exiting
2023-02-02 16:01:07,673 | MainThread   | [WARNING ] | exit_handler        |: Not connected to a BLE device
2023-02-02 16:01:12,835 | MainThread   | [DEBUG   ] | <module>            |: debug
2023-02-02 16:01:12,835 | MainThread   | [INFO    ] | <module>            |: info
2023-02-02 16:01:12,838 | MainThread   | [WARNING ] | <module>            |: warning
2023-02-02 16:01:12,839 | MainThread   | [ERROR   ] | <module>            |: error
2023-02-02 16:01:12,840 | MainThread   | [CRITICAL] | <module>            |: critical
2023-02-02 16:01:15,558 | MainThread   | [DEBUG   ] | __init__            |: Python Info: sys.version_info(major=3, minor=11, micro=1, releaselevel='final', serial=0)
2023-02-02 16:01:15,558 | MainThread   | [DEBUG   ] | __init__            |: System Info: Windows-10-10.0.19045-SP0
2023-02-02 16:01:15,559 | MainThread   | [INFO    ] | _connect            |: Looking for Artemis Nano Peripheral Device: c0:83:48:6a:84:3c
2023-02-02 16:01:27,643 | MainThread   | [ERROR   ] | _connect            |: 
2023-02-02 16:01:28,646 | MainThread   | [WARNING ] | connect             |: Attempting to connect again...
2023-02-02 16:01:28,647 | MainThread   | [INFO    ] | _connect            |: Looking for Artemis Nano Peripheral Device: c0:83:48:6a:84:3c
2023-02-02 16:01:30,643 | MainThread   | [ERROR   ] | _connect            |: Device with address 46:80:E7:00:7D:6A was not found.
2023-02-02 16:01:31,652 | MainThread   | [WARNING ] | connect             |: Attempting to connect again...
2023-02-02 16:01:31,652 | MainThread   | [INFO    ] | _connect            |: Looking for Artemis Nano Peripheral Device: c0:83:48:6a:84:3c
2023-02-02 16:01:33,672 | MainThread   | [ERROR   ] | _connect            |: Device with address 3C:A9:42:E0:E5:9D was not found.
2023-02-02 16:01:34,681 | MainThread   | [WARNING ] | connect             |: Attempting to connect again...
2023-02-02 16:01:50,391 | MainThread   | [INFO    ] | _connect            |: Looking for Artemis Nano Peripheral Device: c0:83:48:6a:84:3c
2023-02-02 16:01:56,505 | MainThread   | [INFO    ] | _connect            |: Connected to c0:83:48:6a:84:3c
2023-02-02 16:02:55,944 | MainThread   | [INFO    ] | exit_handler        |: Exiting...
2023-02-02 16:02:56,067 | MainThread   | [WARNING ] | exit_handler        |: Could not disconnect before exiting
2023-02-02 16:02:56,067 | MainThread   | [WARNING ] | exit_handler        |: Event loop stopped before Future completed.
2023-02-02 16:03:10,634 | MainThread   | [INFO    ] | exit_handler        |: Exiting...
2023-02-02 16:03:10,743 | MainThread   | [WARNING ] | exit_handler        |: Could not disconnect before exiting
2023-02-02 16:03:10,744 | MainThread   | [WARNING ] | exit_handler        |: Event loop stopped before Future completed.
2023-02-02 16:03:10,804 | MainThread   | [WARNING ] | __del__             |: Could not delete BaseBLEController instance before exiting
2023-02-02 16:03:10,816 | MainThread   | [WARNING ] | __del__             |: [WinError 10038] An operation was attempted on something that is not a socket
2023-02-02 16:03:52,762 | MainThread   | [DEBUG   ] | <module>            |: debug
2023-02-02 16:03:52,763 | MainThread   | [INFO    ] | <module>            |: info
2023-02-02 16:03:52,766 | MainThread   | [WARNING ] | <module>            |: warning
2023-02-02 16:03:52,767 | MainThread   | [ERROR   ] | <module>            |: error
2023-02-02 16:03:52,768 | MainThread   | [CRITICAL] | <module>            |: critical
2023-02-02 16:03:56,648 | MainThread   | [DEBUG   ] | __init__            |: Python Info: sys.version_info(major=3, minor=11, micro=1, releaselevel='final', serial=0)
2023-02-02 16:03:56,648 | MainThread   | [DEBUG   ] | __init__            |: System Info: Windows-10-10.0.19045-SP0
2023-02-02 16:03:56,648 | MainThread   | [INFO    ] | _connect            |: Looking for Artemis Nano Peripheral Device: c0:83:48:6a:84:3c
2023-02-02 16:04:00,365 | MainThread   | [ERROR   ] | _connect            |: Could not get GATT services: Unreachable
2023-02-02 16:04:01,373 | MainThread   | [WARNING ] | connect             |: Attempting to connect again...
2023-02-02 16:04:01,373 | MainThread   | [INFO    ] | _connect            |: Looking for Artemis Nano Peripheral Device: c0:83:48:6a:84:3c
2023-02-02 16:04:03,381 | MainThread   | [ERROR   ] | _connect            |: Device with address 08:9B:0E:3D:04:30 was not found.
2023-02-02 16:04:04,391 | MainThread   | [WARNING ] | connect             |: Attempting to connect again...
2023-02-02 16:04:04,391 | MainThread   | [INFO    ] | _connect            |: Looking for Artemis Nano Peripheral Device: c0:83:48:6a:84:3c
2023-02-02 16:04:10,382 | MainThread   | [INFO    ] | _connect            |: Connected to c0:83:48:6a:84:3c
2023-02-02 16:08:05,344 | MainThread   | [INFO    ] | disconnect_handler  |: Disconnected from C0:83:08:66:25:3C
2023-02-02 16:08:48,665 | MainThread   | [INFO    ] | exit_handler        |: Exiting...
2023-02-02 16:08:48,666 | MainThread   | [WARNING ] | exit_handler        |: Could not disconnect before exiting
2023-02-02 16:08:48,668 | MainThread   | [WARNING ] | exit_handler        |: Not connected to a BLE device
2023-02-02 16:08:48,728 | MainThread   | [WARNING ] | __del__             |: Could not delete BaseBLEController instance before exiting
2023-02-02 16:08:48,739 | MainThread   | [WARNING ] | __del__             |: [WinError 10038] An operation was attempted on something that is not a socket
2023-02-02 16:09:13,795 | MainThread   | [DEBUG   ] | __init__            |: Python Info: sys.version_info(major=3, minor=11, micro=1, releaselevel='final', serial=0)
2023-02-02 16:09:13,795 | MainThread   | [DEBUG   ] | __init__            |: System Info: Windows-10-10.0.19045-SP0
2023-02-02 16:09:13,796 | MainThread   | [INFO    ] | _connect            |: Looking for Artemis Nano Peripheral Device: c0:83:48:6a:84:3c
2023-02-02 16:09:15,810 | MainThread   | [ERROR   ] | _connect            |: Device with address 5A:A2:7C:D8:7A:B0 was not found.
2023-02-02 16:09:16,812 | MainThread   | [WARNING ] | connect             |: Attempting to connect again...
2023-02-02 16:09:16,813 | MainThread   | [INFO    ] | _connect            |: Looking for Artemis Nano Peripheral Device: c0:83:48:6a:84:3c
2023-02-02 16:09:18,819 | MainThread   | [ERROR   ] | _connect            |: Device with address 37:6B:ED:CF:0E:01 was not found.
2023-02-02 16:09:19,821 | MainThread   | [WARNING ] | connect             |: Attempting to connect again...
2023-02-02 16:09:19,822 | MainThread   | [INFO    ] | _connect            |: Looking for Artemis Nano Peripheral Device: c0:83:48:6a:84:3c
2023-02-02 16:09:21,843 | MainThread   | [ERROR   ] | _connect            |: Device with address 5A:A2:7C:D8:7A:B0 was not found.
2023-02-02 16:09:22,852 | MainThread   | [WARNING ] | connect             |: Attempting to connect again...
2023-02-02 16:10:05,956 | MainThread   | [INFO    ] | exit_handler        |: Exiting...
2023-02-02 16:10:05,959 | MainThread   | [WARNING ] | exit_handler        |: Could not disconnect before exiting
2023-02-02 16:10:05,959 | MainThread   | [WARNING ] | exit_handler        |: Not connected to a BLE device
2023-02-02 16:10:15,462 | MainThread   | [DEBUG   ] | <module>            |: debug
2023-02-02 16:10:15,463 | MainThread   | [INFO    ] | <module>            |: info
2023-02-02 16:10:15,465 | MainThread   | [WARNING ] | <module>            |: warning
2023-02-02 16:10:15,465 | MainThread   | [ERROR   ] | <module>            |: error
2023-02-02 16:10:15,466 | MainThread   | [CRITICAL] | <module>            |: critical
2023-02-02 16:10:31,257 | MainThread   | [DEBUG   ] | __init__            |: Python Info: sys.version_info(major=3, minor=11, micro=1, releaselevel='final', serial=0)
2023-02-02 16:10:31,257 | MainThread   | [DEBUG   ] | __init__            |: System Info: Windows-10-10.0.19045-SP0
2023-02-02 16:10:31,257 | MainThread   | [INFO    ] | _connect            |: Looking for Artemis Nano Peripheral Device: c0:83:48:6a:84:3c
2023-02-02 16:10:37,044 | MainThread   | [INFO    ] | _connect            |: Connected to c0:83:48:6a:84:3c
2023-02-02 16:11:10,197 | MainThread   | [INFO    ] | _connect            |: Already connected to a BLE device
2023-02-02 16:12:31,808 | MainThread   | [INFO    ] | exit_handler        |: Exiting...
2023-02-02 16:12:31,808 | MainThread   | [WARNING ] | exit_handler        |: Could not disconnect before exiting
2023-02-02 16:12:31,808 | MainThread   | [WARNING ] | exit_handler        |: Event loop stopped before Future completed.
2023-02-02 16:15:36,753 | MainThread   | [DEBUG   ] | __init__            |: Python Info: sys.version_info(major=3, minor=11, micro=1, releaselevel='final', serial=0)
2023-02-02 16:15:36,753 | MainThread   | [DEBUG   ] | __init__            |: System Info: Windows-10-10.0.19045-SP0
2023-02-02 16:15:36,753 | MainThread   | [INFO    ] | _connect            |: Looking for Artemis Nano Peripheral Device: c0:83:48:6a:84:3c
2023-02-02 16:15:42,588 | MainThread   | [INFO    ] | _connect            |: Connected to c0:83:48:6a:84:3c
2023-02-02 16:18:27,896 | MainThread   | [INFO    ] | disconnect_handler  |: Disconnected from 34:36:3B:6B:58:8F
2023-02-02 16:35:18,558 | MainThread   | [INFO    ] | _connect            |: Looking for Artemis Nano Peripheral Device: c0:83:48:6a:84:3c
2023-02-02 16:35:20,548 | MainThread   | [ERROR   ] | _connect            |: Device with address 73:6D:14:70:9E:8F was not found.
2023-02-02 16:35:21,549 | MainThread   | [WARNING ] | connect             |: Attempting to connect again...
2023-02-02 16:35:21,550 | MainThread   | [INFO    ] | _connect            |: Looking for Artemis Nano Peripheral Device: c0:83:48:6a:84:3c
2023-02-02 16:35:32,171 | MainThread   | [INFO    ] | _connect            |: Connected to c0:83:48:6a:84:3c
2023-02-02 16:35:43,592 | MainThread   | [INFO    ] | exit_handler        |: Exiting...
2023-02-02 16:35:43,695 | MainThread   | [WARNING ] | exit_handler        |: Could not disconnect before exiting
2023-02-02 16:35:43,695 | MainThread   | [WARNING ] | exit_handler        |: Event loop stopped before Future completed.
2023-02-02 16:36:05,228 | MainThread   | [DEBUG   ] | __init__            |: Python Info: sys.version_info(major=3, minor=11, micro=1, releaselevel='final', serial=0)
2023-02-02 16:36:05,228 | MainThread   | [DEBUG   ] | __init__            |: System Info: Windows-10-10.0.19045-SP0
2023-02-02 16:36:05,228 | MainThread   | [INFO    ] | _connect            |: Looking for Artemis Nano Peripheral Device: c0:83:48:6a:84:3c
2023-02-02 16:36:17,276 | MainThread   | [ERROR   ] | _connect            |: 
2023-02-02 16:36:18,279 | MainThread   | [WARNING ] | connect             |: Attempting to connect again...
2023-02-02 16:36:18,279 | MainThread   | [INFO    ] | _connect            |: Looking for Artemis Nano Peripheral Device: c0:83:48:6a:84:3c
2023-02-02 16:36:20,302 | MainThread   | [ERROR   ] | _connect            |: Device with address 2C:3E:17:33:E6:D3 was not found.
2023-02-02 16:36:21,307 | MainThread   | [WARNING ] | connect             |: Attempting to connect again...
2023-02-02 16:36:21,307 | MainThread   | [INFO    ] | _connect            |: Looking for Artemis Nano Peripheral Device: c0:83:48:6a:84:3c
2023-02-02 16:36:57,773 | MainThread   | [ERROR   ] | _connect            |: 
2023-02-02 16:36:58,779 | MainThread   | [WARNING ] | connect             |: Attempting to connect again...
2023-02-02 17:00:17,841 | MainThread   | [INFO    ] | exit_handler        |: Exiting...
2023-02-02 17:00:17,843 | MainThread   | [WARNING ] | exit_handler        |: Could not disconnect before exiting
2023-02-02 17:00:17,843 | MainThread   | [WARNING ] | exit_handler        |: Not connected to a BLE device
2023-02-02 17:00:45,985 | MainThread   | [DEBUG   ] | __init__            |: Python Info: sys.version_info(major=3, minor=11, micro=1, releaselevel='final', serial=0)
2023-02-02 17:00:45,985 | MainThread   | [DEBUG   ] | __init__            |: System Info: Windows-10-10.0.19045-SP0
2023-02-02 17:00:45,985 | MainThread   | [INFO    ] | _connect            |: Looking for Artemis Nano Peripheral Device: c0:83:48:6a:84:3c
2023-02-02 17:00:52,126 | MainThread   | [INFO    ] | _connect            |: Connected to c0:83:48:6a:84:3c
2023-02-02 17:01:11,609 | MainThread   | [INFO    ] | _connect            |: Already connected to a BLE device
2023-02-02 17:01:25,337 | MainThread   | [INFO    ] | exit_handler        |: Exiting...
2023-02-02 17:01:25,436 | MainThread   | [WARNING ] | exit_handler        |: Could not disconnect before exiting
2023-02-02 17:01:25,436 | MainThread   | [WARNING ] | exit_handler        |: Event loop stopped before Future completed.
